TN:
SF:client\src\components\Button.jsx
FN:4,(anonymous_0)
FNF:1
FNH:1
FNDA:31,(anonymous_0)
DA:4,2
DA:13,31
DA:14,31
DA:19,31
DA:25,31
DA:33,31
DA:45,2
LF:7
LH:7
BRDA:6,0,0,28
BRDA:7,1,0,28
BRDA:8,2,0,10
BRDA:10,3,0,30
BRDA:27,4,0,31
BRDA:27,4,1,0
BRDA:28,5,0,31
BRDA:28,5,1,0
BRDA:29,6,0,3
BRDA:29,6,1,28
BRDA:37,7,0,3
BRDA:37,7,1,28
BRF:12
BRH:10
end_of_record
TN:
SF:client\src\components\ErrorBoundary.jsx
FN:5,(anonymous_0)
FN:10,(anonymous_1)
FN:14,(anonymous_2)
FN:27,(anonymous_3)
FN:31,(anonymous_4)
FNF:5
FNH:4
FNDA:10,(anonymous_0)
FNDA:8,(anonymous_1)
FNDA:4,(anonymous_2)
FNDA:0,(anonymous_3)
FNDA:21,(anonymous_4)
DA:6,10
DA:7,9
DA:11,8
DA:16,4
DA:18,4
DA:27,9
DA:28,0
DA:32,21
DA:33,12
DA:34,3
DA:37,9
DA:54,9
DA:58,1
LF:13
LH:12
BRDA:32,0,0,12
BRDA:32,0,1,9
BRDA:33,1,0,3
BRDA:33,1,1,9
BRDA:40,2,0,9
BRDA:40,2,1,3
BRDA:41,3,0,9
BRDA:41,3,1,3
BRDA:41,3,2,1
BRF:9
BRH:9
end_of_record
TN:
SF:client\src\components\LoginForm.jsx
FN:5,(anonymous_0)
FN:12,(anonymous_1)
FN:14,(anonymous_2)
FN:20,(anonymous_3)
FN:27,(anonymous_4)
FNF:5
FNH:5
FNDA:19,(anonymous_0)
FNDA:9,(anonymous_1)
FNDA:9,(anonymous_2)
FNDA:1,(anonymous_3)
FNDA:4,(anonymous_4)
DA:5,1
DA:6,19
DA:10,19
DA:12,19
DA:13,9
DA:14,9
DA:19,9
DA:20,1
DA:27,19
DA:28,4
DA:31,4
DA:32,4
DA:33,2
DA:35,4
DA:36,3
DA:39,4
DA:40,3
DA:41,3
DA:44,1
DA:47,19
LF:20
LH:20
BRDA:5,0,0,18
BRDA:19,1,0,1
BRDA:19,1,1,8
BRDA:32,2,0,2
BRDA:32,2,1,2
BRDA:35,3,0,3
BRDA:35,3,1,1
BRDA:39,4,0,3
BRDA:39,4,1,1
BRDA:57,5,0,2
BRDA:57,5,1,17
BRDA:59,6,0,19
BRDA:59,6,1,2
BRDA:70,7,0,4
BRDA:70,7,1,15
BRDA:72,8,0,19
BRDA:72,8,1,4
BRDA:76,9,0,1
BRDA:76,9,1,18
BRF:19
BRH:19
end_of_record
TN:
SF:client\src\components\PostForm.jsx
FN:4,(anonymous_0)
FN:13,(anonymous_1)
FN:41,(anonymous_2)
FN:43,(anonymous_3)
FN:48,(anonymous_4)
FN:52,(anonymous_5)
FNF:6
FNH:5
FNDA:8,(anonymous_0)
FNDA:2,(anonymous_1)
FNDA:3,(anonymous_2)
FNDA:3,(anonymous_3)
FNDA:0,(anonymous_4)
FNDA:2,(anonymous_5)
DA:4,1
DA:5,8
DA:11,8
DA:13,8
DA:14,2
DA:15,2
DA:16,2
DA:17,2
DA:19,2
DA:20,1
DA:21,1
DA:22,0
DA:25,2
DA:26,1
DA:27,1
DA:28,0
DA:31,2
DA:32,1
DA:33,1
DA:34,0
DA:37,2
DA:38,2
DA:41,8
DA:42,3
DA:43,3
DA:47,3
DA:48,0
DA:52,8
DA:53,2
DA:54,2
DA:55,2
DA:56,2
DA:57,2
DA:58,1
DA:65,8
DA:114,1
LF:36
LH:32
BRDA:4,0,0,7
BRDA:4,1,0,8
BRDA:6,2,0,8
BRDA:6,2,1,7
BRDA:7,3,0,8
BRDA:7,3,1,7
BRDA:8,4,0,8
BRDA:8,4,1,7
BRDA:19,5,0,1
BRDA:19,5,1,1
BRDA:21,6,0,0
BRDA:21,6,1,1
BRDA:25,7,0,1
BRDA:25,7,1,1
BRDA:27,8,0,0
BRDA:27,8,1,1
BRDA:31,9,0,1
BRDA:31,9,1,1
BRDA:33,10,0,0
BRDA:33,10,1,1
BRDA:47,11,0,0
BRDA:47,11,1,3
BRDA:57,12,0,1
BRDA:57,12,1,1
BRDA:75,13,0,1
BRDA:75,13,1,7
BRDA:77,14,0,8
BRDA:77,14,1,1
BRDA:88,15,0,1
BRDA:88,15,1,7
BRDA:90,16,0,8
BRDA:90,16,1,1
BRDA:102,17,0,1
BRDA:102,17,1,7
BRDA:104,18,0,8
BRDA:104,18,1,1
BRDA:108,19,0,0
BRDA:108,19,1,8
BRF:38
BRH:33
end_of_record
TN:
SF:client\src\hooks\useApi.js
FN:11,(anonymous_0)
FN:18,(anonymous_1)
FN:32,(anonymous_2)
FNF:3
FNH:3
FNDA:11,(anonymous_0)
FNDA:5,(anonymous_1)
FNDA:5,(anonymous_2)
DA:11,1
DA:12,11
DA:13,11
DA:14,11
DA:16,11
DA:18,11
DA:19,5
DA:20,5
DA:22,5
DA:23,5
DA:24,3
DA:26,2
DA:28,5
DA:32,11
DA:33,5
DA:34,4
DA:38,11
LF:17
LH:17
BRDA:11,0,0,0
BRDA:11,1,0,0
BRDA:26,2,0,2
BRDA:26,2,1,1
BRDA:26,2,2,0
BRDA:33,3,0,4
BRDA:33,3,1,1
BRF:7
BRH:4
end_of_record
TN:
SF:client\src\hooks\useLocalStorage.js
FN:9,(anonymous_0)
FN:11,(anonymous_1)
FN:23,(anonymous_2)
FNF:3
FNH:3
FNDA:10,(anonymous_0)
FNDA:6,(anonymous_1)
FNDA:4,(anonymous_2)
DA:9,1
DA:11,10
DA:12,6
DA:13,6
DA:14,6
DA:16,0
DA:17,0
DA:23,10
DA:24,4
DA:26,4
DA:27,4
DA:28,4
DA:30,1
DA:34,10
LF:14
LH:12
BRDA:14,0,0,1
BRDA:14,0,1,5
BRDA:26,1,0,1
BRDA:26,1,1,3
BRF:4
BRH:4
end_of_record
TN:
SF:client\src\store\actions\authActions.js
FN:3,(anonymous_0)
FN:7,(anonymous_1)
FN:12,(anonymous_2)
FN:17,(anonymous_3)
FN:21,(anonymous_4)
FN:26,(anonymous_5)
FN:27,(anonymous_6)
FNF:7
FNH:5
FNDA:1,(anonymous_0)
FNDA:1,(anonymous_1)
FNDA:1,(anonymous_2)
FNDA:1,(anonymous_3)
FNDA:1,(anonymous_4)
FNDA:0,(anonymous_5)
FNDA:0,(anonymous_6)
DA:3,1
DA:7,1
DA:12,1
DA:17,1
DA:21,1
DA:26,1
DA:27,0
DA:28,0
DA:29,0
DA:32,0
DA:38,0
DA:39,0
DA:42,0
DA:43,0
DA:44,0
DA:46,0
DA:47,0
LF:17
LH:6
BRDA:38,0,0,0
BRDA:38,0,1,0
BRF:2
BRH:0
end_of_record
TN:
SF:client\src\store\reducers\authReducer.js
FN:10,(anonymous_0)
FNF:1
FNH:1
FNDA:7,(anonymous_0)
DA:2,1
DA:10,1
DA:11,7
DA:13,1
DA:19,1
DA:28,1
DA:37,1
DA:41,1
DA:46,2
LF:9
LH:9
BRDA:10,0,0,1
BRDA:11,1,0,1
BRDA:11,1,1,1
BRDA:11,1,2,1
BRDA:11,1,3,1
BRDA:11,1,4,1
BRDA:11,1,5,2
BRF:7
BRH:7
end_of_record
TN:
SF:client\src\utils\formatDate.js
FN:6,(anonymous_0)
FN:24,(anonymous_1)
FNF:2
FNH:2
FNDA:6,(anonymous_0)
FNDA:7,(anonymous_1)
DA:6,1
DA:7,6
DA:9,4
DA:10,4
DA:12,3
DA:24,1
DA:25,7
DA:27,6
DA:28,6
DA:30,5
DA:31,5
DA:33,5
DA:34,4
DA:35,3
DA:36,2
DA:38,1
LF:16
LH:16
BRDA:7,0,0,2
BRDA:7,0,1,4
BRDA:10,1,0,1
BRDA:10,1,1,3
BRDA:25,2,0,1
BRDA:25,2,1,6
BRDA:28,3,0,1
BRDA:28,3,1,5
BRDA:33,4,0,1
BRDA:33,4,1,4
BRDA:34,5,0,1
BRDA:34,5,1,3
BRDA:35,6,0,1
BRDA:35,6,1,2
BRDA:36,7,0,1
BRDA:36,7,1,1
BRF:16
BRH:16
end_of_record
TN:
SF:client\src\utils\validate.js
FN:6,(anonymous_0)
FN:17,(anonymous_1)
FN:30,(anonymous_2)
FNF:3
FNH:3
FNDA:15,(anonymous_0)
FNDA:14,(anonymous_1)
FNDA:15,(anonymous_2)
DA:6,2
DA:7,15
DA:8,12
DA:9,12
DA:17,2
DA:18,14
DA:19,9
DA:20,6
DA:21,6
DA:22,6
DA:30,2
DA:31,15
DA:32,12
DA:33,12
LF:14
LH:14
BRDA:7,0,0,3
BRDA:7,0,1,12
BRDA:18,1,0,5
BRDA:18,1,1,9
BRDA:19,2,0,3
BRDA:19,2,1,6
BRDA:22,3,0,6
BRDA:22,3,1,5
BRDA:31,4,0,3
BRDA:31,4,1,12
BRF:10
BRH:10
end_of_record
TN:
SF:server\src\middleware\auth.js
FN:7,(anonymous_0)
FN:33,(anonymous_1)
FN:34,(anonymous_2)
FNF:3
FNH:3
FNDA:4,(anonymous_0)
FNDA:3,(anonymous_1)
FNDA:3,(anonymous_2)
DA:1,1
DA:2,1
DA:7,1
DA:8,4
DA:9,4
DA:11,4
DA:12,1
DA:15,3
DA:16,2
DA:18,2
DA:19,1
DA:22,1
DA:23,1
DA:25,1
DA:33,1
DA:34,3
DA:35,3
DA:36,1
DA:39,2
DA:40,1
DA:43,1
DA:47,1
LF:22
LH:22
BRDA:11,0,0,1
BRDA:11,0,1,3
BRDA:18,1,0,1
BRDA:18,1,1,1
BRDA:35,2,0,1
BRDA:35,2,1,2
BRDA:39,3,0,1
BRDA:39,3,1,1
BRF:8
BRH:8
end_of_record
TN:
SF:server\src\models\User.js
FN:37,(anonymous_0)
FN:50,(anonymous_1)
FNF:2
FNH:1
FNDA:1,(anonymous_0)
FNDA:0,(anonymous_1)
DA:1,1
DA:2,1
DA:4,1
DA:37,1
DA:38,1
DA:40,1
DA:41,1
DA:42,1
DA:43,1
DA:45,0
DA:50,1
DA:51,0
DA:54,1
LF:13
LH:11
BRDA:38,0,0,0
BRDA:38,0,1,1
BRF:2
BRH:1
end_of_record
TN:
SF:server\src\utils\auth.js
FN:11,(anonymous_0)
FN:28,(anonymous_1)
FNF:2
FNH:2
FNDA:6,(anonymous_0)
FNDA:6,(anonymous_1)
DA:1,2
DA:3,2
DA:4,2
DA:11,2
DA:12,6
DA:28,2
DA:29,6
DA:30,6
DA:32,3
DA:36,2
LF:10
LH:10
BRDA:3,0,0,2
BRDA:3,0,1,0
BRDA:4,1,0,2
BRDA:4,1,1,2
BRF:4
BRH:3
end_of_record
TN:
SF:server\src\utils\validators.js
FN:6,(anonymous_0)
FN:17,(anonymous_1)
FN:48,(anonymous_2)
FNF:3
FNH:3
FNDA:9,(anonymous_0)
FNDA:5,(anonymous_1)
FNDA:5,(anonymous_2)
DA:6,1
DA:7,9
DA:8,6
DA:9,6
DA:17,1
DA:18,5
DA:20,5
DA:21,1
DA:22,1
DA:25,4
DA:26,1
DA:29,4
DA:30,1
DA:33,4
DA:34,1
DA:37,4
DA:48,1
DA:49,5
DA:50,2
DA:53,1
LF:20
LH:20
BRDA:7,0,0,3
BRDA:7,0,1,6
BRDA:20,1,0,1
BRDA:20,1,1,4
BRDA:25,2,0,1
BRDA:25,2,1,3
BRDA:29,3,0,1
BRDA:29,3,1,3
BRDA:33,4,0,1
BRDA:33,4,1,3
BRDA:49,5,0,3
BRDA:49,5,1,2
BRF:12
BRH:12
end_of_record
