TN:
SF:client\src\components\Button.jsx
FN:4,(anonymous_0)
FNF:1
FNH:1
FNDA:6,(anonymous_0)
DA:4,1
DA:13,6
DA:14,6
DA:19,6
DA:25,6
DA:33,6
DA:45,1
LF:7
LH:7
BRDA:6,0,0,6
BRDA:7,1,0,6
BRDA:8,2,0,0
BRDA:10,3,0,6
BRDA:27,4,0,6
BRDA:27,4,1,0
BRDA:28,5,0,6
BRDA:28,5,1,0
BRDA:29,6,0,0
BRDA:29,6,1,6
BRDA:37,7,0,0
BRDA:37,7,1,6
BRF:12
BRH:7
end_of_record
TN:
SF:client\src\components\LoginForm.jsx
FN:5,(anonymous_0)
FN:12,(anonymous_1)
FN:14,(anonymous_2)
FN:20,(anonymous_3)
FN:27,(anonymous_4)
FNF:5
FNH:4
FNDA:6,(anonymous_0)
FNDA:4,(anonymous_1)
FNDA:4,(anonymous_2)
FNDA:0,(anonymous_3)
FNDA:2,(anonymous_4)
DA:5,1
DA:6,6
DA:10,6
DA:12,6
DA:13,4
DA:14,4
DA:19,4
DA:20,0
DA:27,6
DA:28,2
DA:31,2
DA:32,2
DA:33,0
DA:35,2
DA:36,0
DA:39,2
DA:40,0
DA:41,0
DA:44,2
DA:47,6
LF:20
LH:15
BRDA:5,0,0,6
BRDA:19,1,0,0
BRDA:19,1,1,4
BRDA:32,2,0,0
BRDA:32,2,1,2
BRDA:35,3,0,0
BRDA:35,3,1,2
BRDA:39,4,0,0
BRDA:39,4,1,2
BRDA:57,5,0,0
BRDA:57,5,1,6
BRDA:59,6,0,6
BRDA:59,6,1,0
BRDA:70,7,0,0
BRDA:70,7,1,6
BRDA:72,8,0,6
BRDA:72,8,1,0
BRDA:76,9,0,0
BRDA:76,9,1,6
BRF:19
BRH:10
end_of_record
TN:
SF:client\src\utils\validate.js
FN:6,(anonymous_0)
FN:17,(anonymous_1)
FN:30,(anonymous_2)
FNF:3
FNH:2
FNDA:2,(anonymous_0)
FNDA:2,(anonymous_1)
FNDA:0,(anonymous_2)
DA:6,1
DA:7,2
DA:8,2
DA:9,2
DA:17,1
DA:18,2
DA:19,2
DA:20,2
DA:21,2
DA:22,2
DA:30,1
DA:31,0
DA:32,0
DA:33,0
LF:14
LH:11
BRDA:7,0,0,0
BRDA:7,0,1,2
BRDA:18,1,0,0
BRDA:18,1,1,2
BRDA:19,2,0,0
BRDA:19,2,1,2
BRDA:22,3,0,2
BRDA:22,3,1,2
BRDA:31,4,0,0
BRDA:31,4,1,0
BRF:10
BRH:5
end_of_record
TN:
SF:server\src\app.js
FN:34,(anonymous_0)
FN:39,(anonymous_1)
FNF:2
FNH:0
FNDA:0,(anonymous_0)
FNDA:0,(anonymous_1)
DA:1,2
DA:2,2
DA:3,2
DA:4,2
DA:5,2
DA:6,2
DA:7,2
DA:8,2
DA:10,2
DA:13,2
DA:16,2
DA:19,2
DA:20,2
DA:23,2
DA:24,0
DA:25,0
DA:26,0
DA:30,2
DA:31,2
DA:34,2
DA:35,0
DA:39,2
DA:40,0
DA:46,2
DA:48,2
LF:25
LH:20
BRDA:23,0,0,0
BRDA:23,0,1,2
BRF:2
BRH:1
end_of_record
TN:
SF:server\src\controllers\authController.js
FN:7,(anonymous_0)
FN:52,(anonymous_1)
FN:97,(anonymous_2)
FNF:3
FNH:3
FNDA:2,(anonymous_0)
FNDA:3,(anonymous_1)
FNDA:1,(anonymous_2)
DA:1,2
DA:2,2
DA:7,2
DA:8,2
DA:9,2
DA:12,2
DA:16,2
DA:17,1
DA:23,1
DA:30,1
DA:32,1
DA:43,0
DA:52,2
DA:53,3
DA:54,3
DA:57,3
DA:59,3
DA:60,1
DA:66,2
DA:68,2
DA:69,1
DA:75,1
DA:77,1
DA:88,0
DA:97,2
DA:98,1
DA:99,1
DA:100,1
DA:110,0
DA:116,2
LF:30
LH:27
BRDA:16,0,0,1
BRDA:16,0,1,1
BRDA:44,1,0,0
BRDA:44,1,1,0
BRDA:59,2,0,1
BRDA:59,2,1,2
BRDA:68,3,0,1
BRDA:68,3,1,1
BRDA:89,4,0,0
BRDA:89,4,1,0
BRDA:111,5,0,0
BRDA:111,5,1,0
BRF:12
BRH:6
end_of_record
TN:
SF:server\src\controllers\postController.js
FN:7,(anonymous_0)
FN:34,(anonymous_1)
FN:61,(anonymous_2)
FN:101,(anonymous_3)
FN:156,(anonymous_4)
FNF:5
FNH:5
FNDA:4,(anonymous_0)
FNDA:2,(anonymous_1)
FNDA:1,(anonymous_2)
FNDA:2,(anonymous_3)
FNDA:2,(anonymous_4)
DA:1,2
DA:2,2
DA:7,2
DA:8,4
DA:9,4
DA:10,4
DA:12,4
DA:13,1
DA:16,4
DA:17,4
DA:23,4
DA:25,0
DA:34,2
DA:35,2
DA:36,2
DA:39,2
DA:40,1
DA:45,1
DA:47,0
DA:48,0
DA:52,0
DA:61,2
DA:62,1
DA:63,1
DA:66,1
DA:72,1
DA:73,1
DA:74,0
DA:79,1
DA:87,1
DA:90,1
DA:92,0
DA:101,2
DA:102,2
DA:103,2
DA:105,2
DA:106,0
DA:112,2
DA:113,1
DA:118,1
DA:119,1
DA:121,1
DA:122,1
DA:124,1
DA:130,1
DA:131,1
DA:134,1
DA:140,1
DA:142,0
DA:143,0
DA:147,0
DA:156,2
DA:157,2
DA:158,2
DA:160,2
DA:161,0
DA:167,2
DA:168,1
DA:173,1
DA:175,1
DA:180,0
DA:181,0
DA:185,0
DA:191,2
LF:64
LH:50
BRDA:9,0,0,2
BRDA:9,1,0,2
BRDA:12,2,0,1
BRDA:12,2,1,3
BRDA:26,3,0,0
BRDA:26,3,1,0
BRDA:39,4,0,1
BRDA:39,4,1,1
BRDA:47,5,0,0
BRDA:47,5,1,0
BRDA:53,6,0,0
BRDA:53,6,1,0
BRDA:73,7,0,0
BRDA:73,7,1,1
BRDA:93,8,0,0
BRDA:93,8,1,0
BRDA:105,9,0,0
BRDA:105,9,1,2
BRDA:112,10,0,1
BRDA:112,10,1,1
BRDA:121,11,0,1
BRDA:121,11,1,0
BRDA:130,12,0,1
BRDA:130,12,1,0
BRDA:142,13,0,0
BRDA:142,13,1,0
BRDA:148,14,0,0
BRDA:148,14,1,0
BRDA:160,15,0,0
BRDA:160,15,1,2
BRDA:167,16,0,1
BRDA:167,16,1,1
BRDA:180,17,0,0
BRDA:180,17,1,0
BRDA:186,18,0,0
BRDA:186,18,1,0
BRF:36
BRH:15
end_of_record
TN:
SF:server\src\middleware\auth.js
FN:7,(anonymous_0)
FN:33,(anonymous_1)
FN:34,(anonymous_2)
FNF:3
FNH:1
FNDA:12,(anonymous_0)
FNDA:0,(anonymous_1)
FNDA:0,(anonymous_2)
DA:1,2
DA:2,2
DA:7,2
DA:8,12
DA:9,12
DA:11,12
DA:12,4
DA:15,8
DA:16,7
DA:18,7
DA:19,0
DA:22,7
DA:23,7
DA:25,1
DA:33,2
DA:34,0
DA:35,0
DA:36,0
DA:39,0
DA:40,0
DA:43,0
DA:47,2
LF:22
LH:15
BRDA:11,0,0,4
BRDA:11,0,1,8
BRDA:18,1,0,0
BRDA:18,1,1,7
BRDA:35,2,0,0
BRDA:35,2,1,0
BRDA:39,3,0,0
BRDA:39,3,1,0
BRF:8
BRH:3
end_of_record
TN:
SF:server\src\middleware\errorHandler.js
FN:4,(anonymous_0)
FN:25,(anonymous_1)
FNF:2
FNH:0
FNDA:0,(anonymous_0)
FNDA:0,(anonymous_1)
DA:4,2
DA:5,0
DA:6,0
DA:9,0
DA:12,0
DA:13,0
DA:14,0
DA:18,0
DA:19,0
DA:20,0
DA:24,0
DA:25,0
DA:26,0
DA:30,0
DA:31,0
DA:32,0
DA:35,0
DA:36,0
DA:37,0
DA:40,0
DA:47,2
LF:21
LH:2
BRDA:12,0,0,0
BRDA:12,0,1,0
BRDA:18,1,0,0
BRDA:18,1,1,0
BRDA:24,2,0,0
BRDA:24,2,1,0
BRDA:30,3,0,0
BRDA:30,3,1,0
BRDA:35,4,0,0
BRDA:35,4,1,0
BRDA:40,5,0,0
BRDA:40,5,1,0
BRDA:42,6,0,0
BRDA:42,6,1,0
BRDA:43,7,0,0
BRDA:43,7,1,0
BRF:16
BRH:0
end_of_record
TN:
SF:server\src\middleware\performanceMonitor.js
FN:8,(anonymous_0)
FN:12,(anonymous_1)
FN:44,(anonymous_2)
FN:45,(anonymous_3)
FN:49,(anonymous_4)
FN:52,(anonymous_5)
FNF:6
FNH:0
FNDA:0,(anonymous_0)
FNDA:0,(anonymous_1)
FNDA:0,(anonymous_2)
FNDA:0,(anonymous_3)
FNDA:0,(anonymous_4)
FNDA:0,(anonymous_5)
DA:8,2
DA:9,0
DA:12,0
DA:13,0
DA:14,0
DA:16,0
DA:25,0
DA:26,0
DA:28,0
DA:32,0
DA:38,0
DA:44,2
DA:45,0
DA:46,0
DA:47,0
DA:49,0
DA:50,0
DA:52,0
DA:53,0
DA:54,0
DA:56,0
DA:57,0
DA:64,0
DA:68,0
DA:72,2
LF:25
LH:3
BRDA:25,0,0,0
BRDA:25,0,1,0
BRDA:32,1,0,0
BRDA:32,1,1,0
BRDA:56,2,0,0
BRDA:56,2,1,0
BRDA:58,3,0,0
BRDA:58,3,1,0
BRF:8
BRH:0
end_of_record
TN:
SF:server\src\middleware\validation.js
FN:6,(anonymous_0)
FNF:1
FNH:1
FNDA:10,(anonymous_0)
DA:1,2
DA:6,2
DA:7,10
DA:8,10
DA:9,2
DA:14,8
DA:18,2
DA:38,2
DA:48,2
DA:64,2
DA:81,2
LF:11
LH:11
BRDA:8,0,0,2
BRDA:8,0,1,8
BRF:2
BRH:2
end_of_record
TN:
SF:server\src\models\Post.js
FNF:0
FNH:0
DA:1,2
DA:3,2
DA:45,2
DA:46,2
DA:47,2
DA:49,2
LF:6
LH:6
BRF:0
BRH:0
end_of_record
TN:
SF:server\src\models\User.js
FN:37,(anonymous_0)
FN:50,(anonymous_1)
FNF:2
FNH:2
FNDA:11,(anonymous_0)
FNDA:2,(anonymous_1)
DA:1,2
DA:2,2
DA:4,2
DA:37,2
DA:38,11
DA:40,11
DA:41,11
DA:42,11
DA:43,11
DA:45,0
DA:50,2
DA:51,2
DA:54,2
LF:13
LH:12
BRDA:38,0,0,0
BRDA:38,0,1,11
BRF:2
BRH:1
end_of_record
TN:
SF:server\src\routes\authRoutes.js
FNF:0
FNH:0
DA:1,2
DA:2,2
DA:3,2
DA:4,2
DA:5,2
DA:7,2
DA:8,2
DA:9,2
DA:11,2
LF:9
LH:9
BRF:0
BRH:0
end_of_record
TN:
SF:server\src\routes\postRoutes.js
FNF:0
FNH:0
DA:1,2
DA:2,2
DA:9,2
DA:10,2
DA:11,2
DA:13,2
DA:14,2
DA:15,2
DA:16,2
DA:17,2
DA:19,2
LF:11
LH:11
BRF:0
BRH:0
end_of_record
TN:
SF:server\src\utils\auth.js
FN:11,(anonymous_0)
FN:28,(anonymous_1)
FNF:2
FNH:2
FNDA:8,(anonymous_0)
FNDA:8,(anonymous_1)
DA:1,2
DA:3,2
DA:4,2
DA:11,2
DA:12,8
DA:28,2
DA:29,8
DA:30,8
DA:32,1
DA:36,2
LF:10
LH:10
BRDA:3,0,0,2
BRDA:3,0,1,0
BRDA:4,1,0,2
BRDA:4,1,1,2
BRF:4
BRH:3
end_of_record
TN:
SF:server\src\utils\logger.js
FN:12,(anonymous_0)
FN:37,(anonymous_1)
FNF:2
FNH:0
FNDA:0,(anonymous_0)
FNDA:0,(anonymous_1)
DA:1,2
DA:2,2
DA:3,2
DA:6,2
DA:7,2
DA:8,0
DA:12,2
DA:13,0
DA:25,2
DA:31,2
DA:34,2
DA:37,2
DA:38,0
DA:39,0
DA:53,0
DA:56,0
DA:57,0
DA:63,2
LF:18
LH:11
BRDA:7,0,0,0
BRDA:7,0,1,2
BRDA:37,1,0,0
BRDA:44,2,0,0
BRDA:44,2,1,0
BRF:5
BRH:1
end_of_record
